# JRE version: OpenJDK Runtime Environment Corretto-17.0.10.7.1 (17.0.10+7) (build 17.0.10+7-LTS)
# Java VM: OpenJDK 64-Bit Server VM Corretto-17.0.10.7.1 (17.0.10+7-LTS, mixed mode, sharing, tiered, compressed oops, compressed class ptrs, g1 gc, windows-amd64)
GC Precious Log:
 CPUs: 4 total, 4 available
 Memory: 8094M
 Large Page Support: Disabled
 NUMA Support: Disabled
 Compressed Oops: Enabled (32-bit)
 Heap Region Size: 1M
 Heap Min Capacity: 8M
 Heap Initial Capacity: 128M
 Heap Max Capacity: 2024M
 Pre-touch: Disabled
 Parallel Workers: 4
 Concurrent Workers: 1
 Concurrent Refinement Workers: 4
 Periodic GC: Disabled
Heap:
 garbage-first heap   total 55296K, used 41696K [0x0000000081800000, 0x0000000100000000)
  region size 1024K, 7 young (7168K), 2 survivors (2048K)
 Metaspace       used 73115K, committed 73664K, reserved 1114112K
  class space    used 10211K, committed 10432K, reserved 1048576K
GC Heap History (20 events):
Event: 24.602 GC heap before
{Heap before GC invocations=27 (full 0):
 garbage-first heap   total 55296K, used 44209K [0x0000000081800000, 0x0000000100000000)
  region size 1024K, 13 young (13312K), 1 survivors (1024K)
 Metaspace       used 66966K, committed 67520K, reserved 1114112K
  class space    used 9337K, committed 9600K, reserved 1048576K
}
Event: 24.606 GC heap after
{Heap after GC invocations=28 (full 0):
 garbage-first heap   total 55296K, used 33302K [0x0000000081800000, 0x0000000100000000)
  region size 1024K, 2 young (2048K), 2 survivors (2048K)
 Metaspace       used 66966K, committed 67520K, reserved 1114112K
  class space    used 9337K, committed 9600K, reserved 1048576K
}
Event: 25.186 GC heap before
{Heap before GC invocations=28 (full 0):
 garbage-first heap   total 55296K, used 44566K [0x0000000081800000, 0x0000000100000000)
  region size 1024K, 13 young (13312K), 2 survivors (2048K)
 Metaspace       used 67286K, committed 67840K, reserved 1114112K
  class space    used 9376K, committed 9664K, reserved 1048576K
}
Event: 25.189 GC heap after
{Heap after GC invocations=29 (full 0):
 garbage-first heap   total 55296K, used 32597K [0x0000000081800000, 0x0000000100000000)
  region size 1024K, 1 young (1024K), 1 survivors (1024K)
 Metaspace       used 67286K, committed 67840K, reserved 1114112K
  class space    used 9376K, committed 9664K, reserved 1048576K
}
Event: 25.579 GC heap before
{Heap before GC invocations=29 (full 0):
 garbage-first heap   total 55296K, used 43861K [0x0000000081800000, 0x0000000100000000)
  region size 1024K, 12 young (12288K), 1 survivors (1024K)
 Metaspace       used 67373K, committed 67904K, reserved 1114112K
  class space    used 9380K, committed 9664K, reserved 1048576K
}
Event: 25.581 GC heap after
{Heap after GC invocations=30 (full 0):
 garbage-first heap   total 55296K, used 32734K [0x0000000081800000, 0x0000000100000000)
  region size 1024K, 1 young (1024K), 1 survivors (1024K)
 Metaspace       used 67373K, committed 67904K, reserved 1114112K
  class space    used 9380K, committed 9664K, reserved 1048576K
}
Event: 25.929 GC heap before
{Heap before GC invocations=30 (full 0):
 garbage-first heap   total 55296K, used 45022K [0x0000000081800000, 0x0000000100000000)
  region size 1024K, 13 young (13312K), 1 survivors (1024K)
 Metaspace       used 67504K, committed 68096K, reserved 1114112K
  class space    used 9392K, committed 9664K, reserved 1048576K
}
Event: 25.932 GC heap after
{Heap after GC invocations=31 (full 0):
 garbage-first heap   total 55296K, used 33004K [0x0000000081800000, 0x0000000100000000)
  region size 1024K, 1 young (1024K), 1 survivors (1024K)
 Metaspace       used 67504K, committed 68096K, reserved 1114112K
  class space    used 9392K, committed 9664K, reserved 1048576K
}
Event: 26.412 GC heap before
{Heap before GC invocations=31 (full 0):
 garbage-first heap   total 55296K, used 45292K [0x0000000081800000, 0x0000000100000000)
  region size 1024K, 13 young (13312K), 1 survivors (1024K)
 Metaspace       used 67630K, committed 68224K, reserved 1114112K
  class space    used 9401K, committed 9664K, reserved 1048576K
}
Event: 26.414 GC heap after
{Heap after GC invocations=32 (full 0):
 garbage-first heap   total 55296K, used 33311K [0x0000000081800000, 0x0000000100000000)
  region size 1024K, 2 young (2048K), 2 survivors (2048K)
 Metaspace       used 67630K, committed 68224K, reserved 1114112K
  class space    used 9401K, committed 9664K, reserved 1048576K
}
Event: 26.792 GC heap before
{Heap before GC invocations=32 (full 0):
 garbage-first heap   total 55296K, used 45599K [0x0000000081800000, 0x0000000100000000)
  region size 1024K, 14 young (14336K), 2 survivors (2048K)
 Metaspace       used 67742K, committed 68288K, reserved 1114112K
  class space    used 9408K, committed 9664K, reserved 1048576K
}
Event: 26.796 GC heap after
{Heap after GC invocations=33 (full 0):
 garbage-first heap   total 55296K, used 33617K [0x0000000081800000, 0x0000000100000000)
  region size 1024K, 2 young (2048K), 2 survivors (2048K)
 Metaspace       used 67742K, committed 68288K, reserved 1114112K
  class space    used 9408K, committed 9664K, reserved 1048576K
}
Event: 28.464 GC heap before
{Heap before GC invocations=33 (full 0):
 garbage-first heap   total 55296K, used 44881K [0x0000000081800000, 0x0000000100000000)
  region size 1024K, 14 young (14336K), 2 survivors (2048K)
 Metaspace       used 68913K, committed 69504K, reserved 1114112K
  class space    used 9583K, committed 9856K, reserved 1048576K
}
Event: 28.470 GC heap after
{Heap after GC invocations=34 (full 0):
 garbage-first heap   total 55296K, used 34759K [0x0000000081800000, 0x0000000100000000)
  region size 1024K, 2 young (2048K), 2 survivors (2048K)
 Metaspace       used 68913K, committed 69504K, reserved 1114112K
  class space    used 9583K, committed 9856K, reserved 1048576K
}
Event: 29.970 GC heap before
{Heap before GC invocations=34 (full 0):
 garbage-first heap   total 55296K, used 46023K [0x0000000081800000, 0x0000000100000000)
  region size 1024K, 13 young (13312K), 2 survivors (2048K)
 Metaspace       used 70365K, committed 70848K, reserved 1114112K
  class space    used 9823K, committed 10048K, reserved 1048576K
}
Event: 29.975 GC heap after
{Heap after GC invocations=35 (full 0):
 garbage-first heap   total 55296K, used 35941K [0x0000000081800000, 0x0000000100000000)
  region size 1024K, 2 young (2048K), 2 survivors (2048K)
 Metaspace       used 70365K, committed 70848K, reserved 1114112K
  class space    used 9823K, committed 10048K, reserved 1048576K
}
Event: 31.022 GC heap before
{Heap before GC invocations=35 (full 0):
 garbage-first heap   total 55296K, used 45157K [0x0000000081800000, 0x0000000100000000)
  region size 1024K, 11 young (11264K), 2 survivors (2048K)
 Metaspace       used 71496K, committed 72064K, reserved 1114112K
  class space    used 9974K, committed 10240K, reserved 1048576K
}
Event: 31.028 GC heap after
{Heap after GC invocations=36 (full 0):
 garbage-first heap   total 55296K, used 36816K [0x0000000081800000, 0x0000000100000000)
  region size 1024K, 1 young (1024K), 1 survivors (1024K)
 Metaspace       used 71496K, committed 72064K, reserved 1114112K
  class space    used 9974K, committed 10240K, reserved 1048576K
}
Event: 31.814 GC heap before
{Heap before GC invocations=36 (full 0):
 garbage-first heap   total 55296K, used 45008K [0x0000000081800000, 0x0000000100000000)
  region size 1024K, 9 young (9216K), 1 survivors (1024K)
 Metaspace       used 72347K, committed 72960K, reserved 1114112K
  class space    used 10110K, committed 10368K, reserved 1048576K
}
Event: 31.821 GC heap after
{Heap after GC invocations=37 (full 0):
 garbage-first heap   total 55296K, used 37600K [0x0000000081800000, 0x0000000100000000)
  region size 1024K, 2 young (2048K), 2 survivors (2048K)
 Metaspace       used 72347K, committed 72960K, reserved 1114112K
  class space    used 10110K, committed 10368K, reserved 1048576K
}

