# JRE version: OpenJDK Runtime Environment Corretto-17.0.10.7.1 (17.0.10+7) (build 17.0.10+7-LTS)
# Java VM: OpenJDK 64-Bit Server VM Corretto-17.0.10.7.1 (17.0.10+7-LTS, mixed mode, sharing, tiered, compressed oops, compressed class ptrs, g1 gc, windows-amd64)
GC Precious Log:
 CPUs: 4 total, 4 available
 Memory: 8094M
 Large Page Support: Disabled
 NUMA Support: Disabled
 Compressed Oops: Enabled (32-bit)
 Heap Region Size: 1M
 Heap Min Capacity: 8M
 Heap Initial Capacity: 128M
 Heap Max Capacity: 2024M
 Pre-touch: Disabled
 Parallel Workers: 4
 Concurrent Workers: 1
 Concurrent Refinement Workers: 4
 Periodic GC: Disabled
Heap:
 garbage-first heap   total 76800K, used 51396K [0x0000000081800000, 0x0000000100000000)
  region size 1024K, 10 young (10240K), 2 survivors (2048K)
 Metaspace       used 84504K, committed 85120K, reserved 1179648K
  class space    used 11629K, committed 11904K, reserved 1048576K
GC Heap History (20 events):
Event: 19.254 GC heap before
{Heap before GC invocations=31 (full 0):
 garbage-first heap   total 60416K, used 48212K [0x0000000081800000, 0x0000000100000000)
  region size 1024K, 18 young (18432K), 2 survivors (2048K)
 Metaspace       used 67211K, committed 67776K, reserved 1114112K
  class space    used 9396K, committed 9664K, reserved 1048576K
}
Event: 19.258 GC heap after
{Heap after GC invocations=32 (full 0):
 garbage-first heap   total 60416K, used 32005K [0x0000000081800000, 0x0000000100000000)
  region size 1024K, 2 young (2048K), 2 survivors (2048K)
 Metaspace       used 67211K, committed 67776K, reserved 1114112K
  class space    used 9396K, committed 9664K, reserved 1048576K
}
Event: 19.558 GC heap before
{Heap before GC invocations=33 (full 0):
 garbage-first heap   total 61440K, used 48389K [0x0000000081800000, 0x0000000100000000)
  region size 1024K, 18 young (18432K), 2 survivors (2048K)
 Metaspace       used 67303K, committed 67840K, reserved 1114112K
  class space    used 9402K, committed 9664K, reserved 1048576K
}
Event: 19.562 GC heap after
{Heap after GC invocations=34 (full 0):
 garbage-first heap   total 61440K, used 32288K [0x0000000081800000, 0x0000000100000000)
  region size 1024K, 2 young (2048K), 2 survivors (2048K)
 Metaspace       used 67303K, committed 67840K, reserved 1114112K
  class space    used 9402K, committed 9664K, reserved 1048576K
}
Event: 19.788 GC heap before
{Heap before GC invocations=34 (full 0):
 garbage-first heap   total 61440K, used 50720K [0x0000000081800000, 0x0000000100000000)
  region size 1024K, 20 young (20480K), 2 survivors (2048K)
 Metaspace       used 67524K, committed 68160K, reserved 1114112K
  class space    used 9420K, committed 9728K, reserved 1048576K
}
Event: 19.793 GC heap after
{Heap after GC invocations=35 (full 0):
 garbage-first heap   total 61440K, used 32769K [0x0000000081800000, 0x0000000100000000)
  region size 1024K, 3 young (3072K), 3 survivors (3072K)
 Metaspace       used 67524K, committed 68160K, reserved 1114112K
  class space    used 9420K, committed 9728K, reserved 1048576K
}
Event: 20.422 GC heap before
{Heap before GC invocations=36 (full 0):
 garbage-first heap   total 63488K, used 49153K [0x0000000081800000, 0x0000000100000000)
  region size 1024K, 19 young (19456K), 3 survivors (3072K)
 Metaspace       used 69175K, committed 69760K, reserved 1114112K
  class space    used 9673K, committed 9920K, reserved 1048576K
}
Event: 20.428 GC heap after
{Heap after GC invocations=37 (full 0):
 garbage-first heap   total 63488K, used 34158K [0x0000000081800000, 0x0000000100000000)
  region size 1024K, 3 young (3072K), 3 survivors (3072K)
 Metaspace       used 69175K, committed 69760K, reserved 1114112K
  class space    used 9673K, committed 9920K, reserved 1048576K
}
Event: 21.143 GC heap before
{Heap before GC invocations=37 (full 0):
 garbage-first heap   total 63488K, used 51566K [0x0000000081800000, 0x0000000100000000)
  region size 1024K, 20 young (20480K), 3 survivors (3072K)
 Metaspace       used 71342K, committed 71936K, reserved 1114112K
  class space    used 9991K, committed 10240K, reserved 1048576K
}
Event: 21.151 GC heap after
{Heap after GC invocations=38 (full 0):
 garbage-first heap   total 76800K, used 35736K [0x0000000081800000, 0x0000000100000000)
  region size 1024K, 3 young (3072K), 3 survivors (3072K)
 Metaspace       used 71342K, committed 71936K, reserved 1114112K
  class space    used 9991K, committed 10240K, reserved 1048576K
}
Event: 22.565 GC heap before
{Heap before GC invocations=39 (full 0):
 garbage-first heap   total 76800K, used 60312K [0x0000000081800000, 0x0000000100000000)
  region size 1024K, 28 young (28672K), 3 survivors (3072K)
 Metaspace       used 73953K, committed 74560K, reserved 1114112K
  class space    used 10367K, committed 10688K, reserved 1048576K
}
Event: 22.575 GC heap after
{Heap after GC invocations=40 (full 0):
 garbage-first heap   total 76800K, used 38567K [0x0000000081800000, 0x0000000100000000)
  region size 1024K, 4 young (4096K), 4 survivors (4096K)
 Metaspace       used 73953K, committed 74560K, reserved 1114112K
  class space    used 10367K, committed 10688K, reserved 1048576K
}
Event: 29.946 GC heap before
{Heap before GC invocations=40 (full 0):
 garbage-first heap   total 76800K, used 61095K [0x0000000081800000, 0x0000000100000000)
  region size 1024K, 26 young (26624K), 4 survivors (4096K)
 Metaspace       used 78163K, committed 78784K, reserved 1179648K
  class space    used 10923K, committed 11200K, reserved 1048576K
}
Event: 29.963 GC heap after
{Heap after GC invocations=41 (full 0):
 garbage-first heap   total 76800K, used 41272K [0x0000000081800000, 0x0000000100000000)
  region size 1024K, 3 young (3072K), 3 survivors (3072K)
 Metaspace       used 78163K, committed 78784K, reserved 1179648K
  class space    used 10923K, committed 11200K, reserved 1048576K
}
Event: 32.408 GC heap before
{Heap before GC invocations=42 (full 0):
 garbage-first heap   total 76800K, used 59704K [0x0000000081800000, 0x0000000100000000)
  region size 1024K, 22 young (22528K), 3 survivors (3072K)
 Metaspace       used 80944K, committed 81472K, reserved 1179648K
  class space    used 11206K, committed 11456K, reserved 1048576K
}
Event: 32.414 GC heap after
{Heap after GC invocations=43 (full 0):
 garbage-first heap   total 76800K, used 42968K [0x0000000081800000, 0x0000000100000000)
  region size 1024K, 2 young (2048K), 2 survivors (2048K)
 Metaspace       used 80944K, committed 81472K, reserved 1179648K
  class space    used 11206K, committed 11456K, reserved 1048576K
}
Event: 32.434 GC heap before
{Heap before GC invocations=43 (full 0):
 garbage-first heap   total 76800K, used 42968K [0x0000000081800000, 0x0000000100000000)
  region size 1024K, 3 young (3072K), 2 survivors (2048K)
 Metaspace       used 81042K, committed 81600K, reserved 1179648K
  class space    used 11218K, committed 11456K, reserved 1048576K
}
Event: 32.438 GC heap after
{Heap after GC invocations=44 (full 0):
 garbage-first heap   total 76800K, used 43256K [0x0000000081800000, 0x0000000100000000)
  region size 1024K, 1 young (1024K), 1 survivors (1024K)
 Metaspace       used 81042K, committed 81600K, reserved 1179648K
  class space    used 11218K, committed 11456K, reserved 1048576K
}
Event: 33.767 GC heap before
{Heap before GC invocations=44 (full 0):
 garbage-first heap   total 76800K, used 61688K [0x0000000081800000, 0x0000000100000000)
  region size 1024K, 19 young (19456K), 1 survivors (1024K)
 Metaspace       used 83956K, committed 84544K, reserved 1179648K
  class space    used 11591K, committed 11840K, reserved 1048576K
}
Event: 33.772 GC heap after
{Heap after GC invocations=45 (full 0):
 garbage-first heap   total 76800K, used 44228K [0x0000000081800000, 0x0000000100000000)
  region size 1024K, 2 young (2048K), 2 survivors (2048K)
 Metaspace       used 83956K, committed 84544K, reserved 1179648K
  class space    used 11591K, committed 11840K, reserved 1048576K
}

