# JRE version: OpenJDK Runtime Environment Corretto-17.0.10.7.1 (17.0.10+7) (build 17.0.10+7-LTS)
# Java VM: OpenJDK 64-Bit Server VM Corretto-17.0.10.7.1 (17.0.10+7-LTS, mixed mode, sharing, tiered, compressed oops, compressed class ptrs, g1 gc, windows-amd64)
GC Precious Log:
 CPUs: 4 total, 4 available
 Memory: 8094M
 Large Page Support: Disabled
 NUMA Support: Disabled
 Compressed Oops: Enabled (32-bit)
 Heap Region Size: 1M
 Heap Min Capacity: 8M
 Heap Initial Capacity: 128M
 Heap Max Capacity: 2024M
 Pre-touch: Disabled
 Parallel Workers: 4
 Concurrent Workers: 1
 Concurrent Refinement Workers: 4
 Periodic GC: Disabled
Heap:
 garbage-first heap   total 51200K, used 33972K [0x0000000081800000, 0x0000000100000000)
  region size 1024K, 20 young (20480K), 2 survivors (2048K)
 Metaspace       used 28960K, committed 29376K, reserved 1114112K
  class space    used 3762K, committed 3968K, reserved 1048576K
GC Heap History (14 events):
Event: 1.135 GC heap before
{Heap before GC invocations=0 (full 0):
 garbage-first heap   total 131072K, used 14336K [0x0000000081800000, 0x0000000100000000)
  region size 1024K, 13 young (13312K), 0 survivors (0K)
 Metaspace       used 3318K, committed 3520K, reserved 1114112K
  class space    used 339K, committed 448K, reserved 1048576K
}
Event: 1.143 GC heap after
{Heap after GC invocations=1 (full 0):
 garbage-first heap   total 131072K, used 6475K [0x0000000081800000, 0x0000000100000000)
  region size 1024K, 2 young (2048K), 2 survivors (2048K)
 Metaspace       used 3318K, committed 3520K, reserved 1114112K
  class space    used 339K, committed 448K, reserved 1048576K
}
Event: 1.977 GC heap before
{Heap before GC invocations=1 (full 0):
 garbage-first heap   total 131072K, used 17739K [0x0000000081800000, 0x0000000100000000)
  region size 1024K, 14 young (14336K), 2 survivors (2048K)
 Metaspace       used 6392K, committed 6528K, reserved 1114112K
  class space    used 744K, committed 832K, reserved 1048576K
}
Event: 1.983 GC heap after
{Heap after GC invocations=2 (full 0):
 garbage-first heap   total 131072K, used 7334K [0x0000000081800000, 0x0000000100000000)
  region size 1024K, 1 young (1024K), 1 survivors (1024K)
 Metaspace       used 6392K, committed 6528K, reserved 1114112K
  class space    used 744K, committed 832K, reserved 1048576K
}
Event: 3.257 GC heap before
{Heap before GC invocations=2 (full 0):
 garbage-first heap   total 131072K, used 31910K [0x0000000081800000, 0x0000000100000000)
  region size 1024K, 25 young (25600K), 1 survivors (1024K)
 Metaspace       used 12007K, committed 12224K, reserved 1114112K
  class space    used 1597K, committed 1728K, reserved 1048576K
}
Event: 3.262 GC heap after
{Heap after GC invocations=3 (full 0):
 garbage-first heap   total 131072K, used 9076K [0x0000000081800000, 0x0000000100000000)
  region size 1024K, 3 young (3072K), 3 survivors (3072K)
 Metaspace       used 12007K, committed 12224K, reserved 1114112K
  class space    used 1597K, committed 1728K, reserved 1048576K
}
Event: 6.192 GC heap before
{Heap before GC invocations=3 (full 0):
 garbage-first heap   total 131072K, used 57204K [0x0000000081800000, 0x0000000100000000)
  region size 1024K, 52 young (53248K), 3 survivors (3072K)
 Metaspace       used 21267K, committed 21504K, reserved 1114112K
  class space    used 2680K, committed 2816K, reserved 1048576K
}
Event: 6.206 GC heap after
{Heap after GC invocations=4 (full 0):
 garbage-first heap   total 131072K, used 13887K [0x0000000081800000, 0x0000000100000000)
  region size 1024K, 8 young (8192K), 8 survivors (8192K)
 Metaspace       used 21267K, committed 21504K, reserved 1114112K
  class space    used 2680K, committed 2816K, reserved 1048576K
}
Event: 9.457 GC heap before
{Heap before GC invocations=5 (full 0):
 garbage-first heap   total 51200K, used 36415K [0x0000000081800000, 0x0000000100000000)
  region size 1024K, 30 young (30720K), 8 survivors (8192K)
 Metaspace       used 23328K, committed 23616K, reserved 1114112K
  class space    used 2983K, committed 3136K, reserved 1048576K
}
Event: 9.474 GC heap after
{Heap after GC invocations=6 (full 0):
 garbage-first heap   total 51200K, used 15123K [0x0000000081800000, 0x0000000100000000)
  region size 1024K, 2 young (2048K), 2 survivors (2048K)
 Metaspace       used 23328K, committed 23616K, reserved 1114112K
  class space    used 2983K, committed 3136K, reserved 1048576K
}
Event: 9.820 GC heap before
{Heap before GC invocations=6 (full 0):
 garbage-first heap   total 51200K, used 16147K [0x0000000081800000, 0x0000000100000000)
  region size 1024K, 3 young (3072K), 2 survivors (2048K)
 Metaspace       used 23427K, committed 23744K, reserved 1114112K
  class space    used 2997K, committed 3136K, reserved 1048576K
}
Event: 9.827 GC heap after
{Heap after GC invocations=7 (full 0):
 garbage-first heap   total 51200K, used 15423K [0x0000000081800000, 0x0000000100000000)
  region size 1024K, 1 young (1024K), 1 survivors (1024K)
 Metaspace       used 23427K, committed 23744K, reserved 1114112K
  class space    used 2997K, committed 3136K, reserved 1048576K
}
Event: 14.060 GC heap before
{Heap before GC invocations=7 (full 0):
 garbage-first heap   total 51200K, used 34879K [0x0000000081800000, 0x0000000100000000)
  region size 1024K, 20 young (20480K), 1 survivors (1024K)
 Metaspace       used 25684K, committed 25984K, reserved 1114112K
  class space    used 3306K, committed 3456K, reserved 1048576K
}
Event: 14.067 GC heap after
{Heap after GC invocations=8 (full 0):
 garbage-first heap   total 51200K, used 16564K [0x0000000081800000, 0x0000000100000000)
  region size 1024K, 2 young (2048K), 2 survivors (2048K)
 Metaspace       used 25684K, committed 25984K, reserved 1114112K
  class space    used 3306K, committed 3456K, reserved 1048576K
}

