# JRE version: OpenJDK Runtime Environment Corretto-17.0.10.7.1 (17.0.10+7) (build 17.0.10+7-LTS)
# Java VM: OpenJDK 64-Bit Server VM Corretto-17.0.10.7.1 (17.0.10+7-LTS, mixed mode, sharing, tiered, compressed oops, compressed class ptrs, g1 gc, windows-amd64)
GC Precious Log:
 CPUs: 4 total, 4 available
 Memory: 8094M
 Large Page Support: Disabled
 NUMA Support: Disabled
 Compressed Oops: Enabled (32-bit)
 Heap Region Size: 1M
 Heap Min Capacity: 8M
 Heap Initial Capacity: 128M
 Heap Max Capacity: 2024M
 Pre-touch: Disabled
 Parallel Workers: 4
 Concurrent Workers: 1
 Concurrent Refinement Workers: 4
 Periodic GC: Disabled
Heap:
 garbage-first heap   total 55296K, used 35484K [0x0000000081800000, 0x0000000100000000)
  region size 1024K, 21 young (21504K), 4 survivors (4096K)
 Metaspace       used 32441K, committed 32832K, reserved 1114112K
  class space    used 4152K, committed 4352K, reserved 1048576K
GC Heap History (16 events):
Event: 0.905 GC heap before
{Heap before GC invocations=0 (full 0):
 garbage-first heap   total 131072K, used 13312K [0x0000000081800000, 0x0000000100000000)
  region size 1024K, 13 young (13312K), 0 survivors (0K)
 Metaspace       used 2250K, committed 2368K, reserved 1114112K
  class space    used 205K, committed 256K, reserved 1048576K
}
Event: 0.910 GC heap after
{Heap after GC invocations=1 (full 0):
 garbage-first heap   total 131072K, used 6251K [0x0000000081800000, 0x0000000100000000)
  region size 1024K, 2 young (2048K), 2 survivors (2048K)
 Metaspace       used 2250K, committed 2368K, reserved 1114112K
  class space    used 205K, committed 256K, reserved 1048576K
}
Event: 1.396 GC heap before
{Heap before GC invocations=1 (full 0):
 garbage-first heap   total 131072K, used 17515K [0x0000000081800000, 0x0000000100000000)
  region size 1024K, 14 young (14336K), 2 survivors (2048K)
 Metaspace       used 4749K, committed 4864K, reserved 1114112K
  class space    used 528K, committed 576K, reserved 1048576K
}
Event: 1.399 GC heap after
{Heap after GC invocations=2 (full 0):
 garbage-first heap   total 131072K, used 7014K [0x0000000081800000, 0x0000000100000000)
  region size 1024K, 1 young (1024K), 1 survivors (1024K)
 Metaspace       used 4749K, committed 4864K, reserved 1114112K
  class space    used 528K, committed 576K, reserved 1048576K
}
Event: 2.345 GC heap before
{Heap before GC invocations=2 (full 0):
 garbage-first heap   total 131072K, used 32614K [0x0000000081800000, 0x0000000100000000)
  region size 1024K, 27 young (27648K), 1 survivors (1024K)
 Metaspace       used 10411K, committed 10624K, reserved 1114112K
  class space    used 1298K, committed 1408K, reserved 1048576K
}
Event: 2.351 GC heap after
{Heap after GC invocations=3 (full 0):
 garbage-first heap   total 131072K, used 8456K [0x0000000081800000, 0x0000000100000000)
  region size 1024K, 3 young (3072K), 3 survivors (3072K)
 Metaspace       used 10411K, committed 10624K, reserved 1114112K
  class space    used 1298K, committed 1408K, reserved 1048576K
}
Event: 3.991 GC heap before
{Heap before GC invocations=3 (full 0):
 garbage-first heap   total 131072K, used 71944K [0x0000000081800000, 0x0000000100000000)
  region size 1024K, 67 young (68608K), 3 survivors (3072K)
 Metaspace       used 21206K, committed 21504K, reserved 1114112K
  class space    used 2655K, committed 2816K, reserved 1048576K
}
Event: 4.005 GC heap after
{Heap after GC invocations=4 (full 0):
 garbage-first heap   total 131072K, used 13927K [0x0000000081800000, 0x0000000100000000)
  region size 1024K, 8 young (8192K), 8 survivors (8192K)
 Metaspace       used 21206K, committed 21504K, reserved 1114112K
  class space    used 2655K, committed 2816K, reserved 1048576K
}
Event: 4.936 GC heap before
{Heap before GC invocations=5 (full 0):
 garbage-first heap   total 55296K, used 38503K [0x0000000081800000, 0x0000000100000000)
  region size 1024K, 32 young (32768K), 8 survivors (8192K)
 Metaspace       used 23367K, committed 23680K, reserved 1114112K
  class space    used 2962K, committed 3136K, reserved 1048576K
}
Event: 4.949 GC heap after
{Heap after GC invocations=6 (full 0):
 garbage-first heap   total 55296K, used 14984K [0x0000000081800000, 0x0000000100000000)
  region size 1024K, 2 young (2048K), 2 survivors (2048K)
 Metaspace       used 23367K, committed 23680K, reserved 1114112K
  class space    used 2962K, committed 3136K, reserved 1048576K
}
Event: 4.996 GC heap before
{Heap before GC invocations=6 (full 0):
 garbage-first heap   total 55296K, used 14984K [0x0000000081800000, 0x0000000100000000)
  region size 1024K, 3 young (3072K), 2 survivors (2048K)
 Metaspace       used 23466K, committed 23744K, reserved 1114112K
  class space    used 2976K, committed 3136K, reserved 1048576K
}
Event: 4.999 GC heap after
{Heap after GC invocations=7 (full 0):
 garbage-first heap   total 55296K, used 15821K [0x0000000081800000, 0x0000000100000000)
  region size 1024K, 1 young (1024K), 1 survivors (1024K)
 Metaspace       used 23466K, committed 23744K, reserved 1114112K
  class space    used 2976K, committed 3136K, reserved 1048576K
}
Event: 5.905 GC heap before
{Heap before GC invocations=7 (full 0):
 garbage-first heap   total 55296K, used 37325K [0x0000000081800000, 0x0000000100000000)
  region size 1024K, 23 young (23552K), 1 survivors (1024K)
 Metaspace       used 25939K, committed 26240K, reserved 1114112K
  class space    used 3315K, committed 3456K, reserved 1048576K
}
Event: 5.914 GC heap after
{Heap after GC invocations=8 (full 0):
 garbage-first heap   total 55296K, used 16890K [0x0000000081800000, 0x0000000100000000)
  region size 1024K, 2 young (2048K), 2 survivors (2048K)
 Metaspace       used 25939K, committed 26240K, reserved 1114112K
  class space    used 3315K, committed 3456K, reserved 1048576K
}
Event: 7.004 GC heap before
{Heap before GC invocations=8 (full 0):
 garbage-first heap   total 55296K, used 40442K [0x0000000081800000, 0x0000000100000000)
  region size 1024K, 25 young (25600K), 2 survivors (2048K)
 Metaspace       used 29806K, committed 30208K, reserved 1114112K
  class space    used 3870K, committed 4032K, reserved 1048576K
}
Event: 7.013 GC heap after
{Heap after GC invocations=9 (full 0):
 garbage-first heap   total 55296K, used 19100K [0x0000000081800000, 0x0000000100000000)
  region size 1024K, 4 young (4096K), 4 survivors (4096K)
 Metaspace       used 29806K, committed 30208K, reserved 1114112K
  class space    used 3870K, committed 4032K, reserved 1048576K
}

