# JRE version: OpenJDK Runtime Environment Corretto-17.0.10.7.1 (17.0.10+7) (build 17.0.10+7-LTS)
# Java VM: OpenJDK 64-Bit Server VM Corretto-17.0.10.7.1 (17.0.10+7-LTS, mixed mode, sharing, tiered, compressed oops, compressed class ptrs, g1 gc, windows-amd64)
GC Precious Log:
 CPUs: 4 total, 4 available
 Memory: 8094M
 Large Page Support: Disabled
 NUMA Support: Disabled
 Compressed Oops: Enabled (32-bit)
 Heap Region Size: 1M
 Heap Min Capacity: 8M
 Heap Initial Capacity: 128M
 Heap Max Capacity: 2024M
 Pre-touch: Disabled
 Parallel Workers: 4
 Concurrent Workers: 1
 Concurrent Refinement Workers: 4
 Periodic GC: Disabled
Heap:
 garbage-first heap   total 79872K, used 62028K [0x0000000081800000, 0x0000000100000000)
  region size 1024K, 27 young (27648K), 4 survivors (4096K)
 Metaspace       used 81835K, committed 82496K, reserved 1179648K
  class space    used 11346K, committed 11648K, reserved 1048576K
GC Heap History (20 events):
Event: 10.644 GC heap before
{Heap before GC invocations=18 (full 0):
 garbage-first heap   total 55296K, used 43007K [0x0000000081800000, 0x0000000100000000)
  region size 1024K, 19 young (19456K), 1 survivors (1024K)
 Metaspace       used 55454K, committed 56000K, reserved 1114112K
  class space    used 7579K, committed 7872K, reserved 1048576K
}
Event: 10.647 GC heap after
{Heap after GC invocations=19 (full 0):
 garbage-first heap   total 66560K, used 24920K [0x0000000081800000, 0x0000000100000000)
  region size 1024K, 1 young (1024K), 1 survivors (1024K)
 Metaspace       used 55454K, committed 56000K, reserved 1114112K
  class space    used 7579K, committed 7872K, reserved 1048576K
}
Event: 11.621 GC heap before
{Heap before GC invocations=19 (full 0):
 garbage-first heap   total 66560K, used 53592K [0x0000000081800000, 0x0000000100000000)
  region size 1024K, 29 young (29696K), 1 survivors (1024K)
 Metaspace       used 60313K, committed 60864K, reserved 1114112K
  class space    used 8243K, committed 8512K, reserved 1048576K
}
Event: 11.628 GC heap after
{Heap after GC invocations=20 (full 0):
 garbage-first heap   total 66560K, used 27225K [0x0000000081800000, 0x0000000100000000)
  region size 1024K, 3 young (3072K), 3 survivors (3072K)
 Metaspace       used 60313K, committed 60864K, reserved 1114112K
  class space    used 8243K, committed 8512K, reserved 1048576K
}
Event: 12.462 GC heap before
{Heap before GC invocations=20 (full 0):
 garbage-first heap   total 66560K, used 51801K [0x0000000081800000, 0x0000000100000000)
  region size 1024K, 28 young (28672K), 3 survivors (3072K)
 Metaspace       used 64343K, committed 64960K, reserved 1114112K
  class space    used 8940K, committed 9216K, reserved 1048576K
}
Event: 12.469 GC heap after
{Heap after GC invocations=21 (full 0):
 garbage-first heap   total 66560K, used 29224K [0x0000000081800000, 0x0000000100000000)
  region size 1024K, 2 young (2048K), 2 survivors (2048K)
 Metaspace       used 64343K, committed 64960K, reserved 1114112K
  class space    used 8940K, committed 9216K, reserved 1048576K
}
Event: 12.799 GC heap before
{Heap before GC invocations=21 (full 0):
 garbage-first heap   total 66560K, used 51752K [0x0000000081800000, 0x0000000100000000)
  region size 1024K, 25 young (25600K), 2 survivors (2048K)
 Metaspace       used 66149K, committed 66752K, reserved 1114112K
  class space    used 9255K, committed 9536K, reserved 1048576K
}
Event: 12.804 GC heap after
{Heap after GC invocations=22 (full 0):
 garbage-first heap   total 66560K, used 30000K [0x0000000081800000, 0x0000000100000000)
  region size 1024K, 3 young (3072K), 3 survivors (3072K)
 Metaspace       used 66149K, committed 66752K, reserved 1114112K
  class space    used 9255K, committed 9536K, reserved 1048576K
}
Event: 13.069 GC heap before
{Heap before GC invocations=22 (full 0):
 garbage-first heap   total 66560K, used 53552K [0x0000000081800000, 0x0000000100000000)
  region size 1024K, 26 young (26624K), 3 survivors (3072K)
 Metaspace       used 66587K, committed 67072K, reserved 1114112K
  class space    used 9297K, committed 9536K, reserved 1048576K
}
Event: 13.074 GC heap after
{Heap after GC invocations=23 (full 0):
 garbage-first heap   total 66560K, used 30630K [0x0000000081800000, 0x0000000100000000)
  region size 1024K, 2 young (2048K), 2 survivors (2048K)
 Metaspace       used 66587K, committed 67072K, reserved 1114112K
  class space    used 9297K, committed 9536K, reserved 1048576K
}
Event: 13.452 GC heap before
{Heap before GC invocations=23 (full 0):
 garbage-first heap   total 66560K, used 54182K [0x0000000081800000, 0x0000000100000000)
  region size 1024K, 25 young (25600K), 2 survivors (2048K)
 Metaspace       used 67139K, committed 67712K, reserved 1114112K
  class space    used 9367K, committed 9600K, reserved 1048576K
}
Event: 13.456 GC heap after
{Heap after GC invocations=24 (full 0):
 garbage-first heap   total 66560K, used 31464K [0x0000000081800000, 0x0000000100000000)
  region size 1024K, 3 young (3072K), 3 survivors (3072K)
 Metaspace       used 67139K, committed 67712K, reserved 1114112K
  class space    used 9367K, committed 9600K, reserved 1048576K
}
Event: 14.177 GC heap before
{Heap before GC invocations=24 (full 0):
 garbage-first heap   total 66560K, used 53992K [0x0000000081800000, 0x0000000100000000)
  region size 1024K, 25 young (25600K), 3 survivors (3072K)
 Metaspace       used 69897K, committed 70400K, reserved 1114112K
  class space    used 9784K, committed 10048K, reserved 1048576K
}
Event: 14.189 GC heap after
{Heap after GC invocations=25 (full 0):
 garbage-first heap   total 66560K, used 33672K [0x0000000081800000, 0x0000000100000000)
  region size 1024K, 4 young (4096K), 4 survivors (4096K)
 Metaspace       used 69897K, committed 70400K, reserved 1114112K
  class space    used 9784K, committed 10048K, reserved 1048576K
}
Event: 14.922 GC heap before
{Heap before GC invocations=25 (full 0):
 garbage-first heap   total 66560K, used 54152K [0x0000000081800000, 0x0000000100000000)
  region size 1024K, 24 young (24576K), 4 survivors (4096K)
 Metaspace       used 72613K, committed 73216K, reserved 1114112K
  class space    used 10178K, committed 10432K, reserved 1048576K
}
Event: 14.934 GC heap after
{Heap after GC invocations=26 (full 0):
 garbage-first heap   total 79872K, used 35661K [0x0000000081800000, 0x0000000100000000)
  region size 1024K, 3 young (3072K), 3 survivors (3072K)
 Metaspace       used 72613K, committed 73216K, reserved 1114112K
  class space    used 10178K, committed 10432K, reserved 1048576K
}
Event: 26.449 GC heap before
{Heap before GC invocations=26 (full 0):
 garbage-first heap   total 79872K, used 63309K [0x0000000081800000, 0x0000000100000000)
  region size 1024K, 31 young (31744K), 3 survivors (3072K)
 Metaspace       used 76448K, committed 76992K, reserved 1179648K
  class space    used 10705K, committed 10944K, reserved 1048576K
}
Event: 26.460 GC heap after
{Heap after GC invocations=27 (full 0):
 garbage-first heap   total 79872K, used 37593K [0x0000000081800000, 0x0000000100000000)
  region size 1024K, 2 young (2048K), 2 survivors (2048K)
 Metaspace       used 76448K, committed 76992K, reserved 1179648K
  class space    used 10705K, committed 10944K, reserved 1048576K
}
Event: 27.082 GC heap before
{Heap before GC invocations=27 (full 0):
 garbage-first heap   total 79872K, used 48857K [0x0000000081800000, 0x0000000100000000)
  region size 1024K, 14 young (14336K), 2 survivors (2048K)
 Metaspace       used 78940K, committed 79488K, reserved 1179648K
  class space    used 11031K, committed 11264K, reserved 1048576K
}
Event: 27.088 GC heap after
{Heap after GC invocations=28 (full 0):
 garbage-first heap   total 79872K, used 39500K [0x0000000081800000, 0x0000000100000000)
  region size 1024K, 4 young (4096K), 4 survivors (4096K)
 Metaspace       used 78940K, committed 79488K, reserved 1179648K
  class space    used 11031K, committed 11264K, reserved 1048576K
}

