# JRE version: OpenJDK Runtime Environment Corretto-17.0.10.7.1 (17.0.10+7) (build 17.0.10+7-LTS)
# Java VM: OpenJDK 64-Bit Server VM Corretto-17.0.10.7.1 (17.0.10+7-LTS, mixed mode, sharing, tiered, compressed oops, compressed class ptrs, g1 gc, windows-amd64)
GC Precious Log:
 CPUs: 4 total, 4 available
 Memory: 8094M
 Large Page Support: Disabled
 NUMA Support: Disabled
 Compressed Oops: Enabled (32-bit)
 Heap Region Size: 1M
 Heap Min Capacity: 8M
 Heap Initial Capacity: 128M
 Heap Max Capacity: 2024M
 Pre-touch: Disabled
 Parallel Workers: 4
 Concurrent Workers: 1
 Concurrent Refinement Workers: 4
 Periodic GC: Disabled
Heap:
 garbage-first heap   total 55296K, used 30328K [0x0000000081800000, 0x0000000100000000)
  region size 1024K, 13 young (13312K), 3 survivors (3072K)
 Metaspace       used 37616K, committed 38080K, reserved 1114112K
  class space    used 4900K, committed 5120K, reserved 1048576K
GC Heap History (20 events):
Event: 0.911 GC heap before
{Heap before GC invocations=0 (full 0):
 garbage-first heap   total 131072K, used 13312K [0x0000000081800000, 0x0000000100000000)
  region size 1024K, 13 young (13312K), 0 survivors (0K)
 Metaspace       used 2252K, committed 2368K, reserved 1114112K
  class space    used 204K, committed 256K, reserved 1048576K
}
Event: 0.916 GC heap after
{Heap after GC invocations=1 (full 0):
 garbage-first heap   total 131072K, used 6392K [0x0000000081800000, 0x0000000100000000)
  region size 1024K, 2 young (2048K), 2 survivors (2048K)
 Metaspace       used 2252K, committed 2368K, reserved 1114112K
  class space    used 204K, committed 256K, reserved 1048576K
}
Event: 1.457 GC heap before
{Heap before GC invocations=1 (full 0):
 garbage-first heap   total 131072K, used 17656K [0x0000000081800000, 0x0000000100000000)
  region size 1024K, 14 young (14336K), 2 survivors (2048K)
 Metaspace       used 4762K, committed 4864K, reserved 1114112K
  class space    used 528K, committed 576K, reserved 1048576K
}
Event: 1.460 GC heap after
{Heap after GC invocations=2 (full 0):
 garbage-first heap   total 131072K, used 7026K [0x0000000081800000, 0x0000000100000000)
  region size 1024K, 1 young (1024K), 1 survivors (1024K)
 Metaspace       used 4762K, committed 4864K, reserved 1114112K
  class space    used 528K, committed 576K, reserved 1048576K
}
Event: 2.600 GC heap before
{Heap before GC invocations=2 (full 0):
 garbage-first heap   total 131072K, used 32626K [0x0000000081800000, 0x0000000100000000)
  region size 1024K, 27 young (27648K), 1 survivors (1024K)
 Metaspace       used 10419K, committed 10688K, reserved 1114112K
  class space    used 1297K, committed 1408K, reserved 1048576K
}
Event: 2.604 GC heap after
{Heap after GC invocations=3 (full 0):
 garbage-first heap   total 131072K, used 8521K [0x0000000081800000, 0x0000000100000000)
  region size 1024K, 3 young (3072K), 3 survivors (3072K)
 Metaspace       used 10419K, committed 10688K, reserved 1114112K
  class space    used 1297K, committed 1408K, reserved 1048576K
}
Event: 4.795 GC heap before
{Heap before GC invocations=3 (full 0):
 garbage-first heap   total 131072K, used 72009K [0x0000000081800000, 0x0000000100000000)
  region size 1024K, 67 young (68608K), 3 survivors (3072K)
 Metaspace       used 21234K, committed 21504K, reserved 1114112K
  class space    used 2654K, committed 2816K, reserved 1048576K
}
Event: 4.806 GC heap after
{Heap after GC invocations=4 (full 0):
 garbage-first heap   total 131072K, used 13971K [0x0000000081800000, 0x0000000100000000)
  region size 1024K, 8 young (8192K), 8 survivors (8192K)
 Metaspace       used 21234K, committed 21504K, reserved 1114112K
  class space    used 2654K, committed 2816K, reserved 1048576K
}
Event: 6.019 GC heap before
{Heap before GC invocations=5 (full 0):
 garbage-first heap   total 55296K, used 38547K [0x0000000081800000, 0x0000000100000000)
  region size 1024K, 32 young (32768K), 8 survivors (8192K)
 Metaspace       used 23380K, committed 23680K, reserved 1114112K
  class space    used 2960K, committed 3136K, reserved 1048576K
}
Event: 6.036 GC heap after
{Heap after GC invocations=6 (full 0):
 garbage-first heap   total 55296K, used 15253K [0x0000000081800000, 0x0000000100000000)
  region size 1024K, 2 young (2048K), 2 survivors (2048K)
 Metaspace       used 23380K, committed 23680K, reserved 1114112K
  class space    used 2960K, committed 3136K, reserved 1048576K
}
Event: 6.085 GC heap before
{Heap before GC invocations=6 (full 0):
 garbage-first heap   total 55296K, used 16277K [0x0000000081800000, 0x0000000100000000)
  region size 1024K, 3 young (3072K), 2 survivors (2048K)
 Metaspace       used 23486K, committed 23808K, reserved 1114112K
  class space    used 2974K, committed 3136K, reserved 1048576K
}
Event: 6.089 GC heap after
{Heap after GC invocations=7 (full 0):
 garbage-first heap   total 55296K, used 15819K [0x0000000081800000, 0x0000000100000000)
  region size 1024K, 1 young (1024K), 1 survivors (1024K)
 Metaspace       used 23486K, committed 23808K, reserved 1114112K
  class space    used 2974K, committed 3136K, reserved 1048576K
}
Event: 7.161 GC heap before
{Heap before GC invocations=7 (full 0):
 garbage-first heap   total 55296K, used 38347K [0x0000000081800000, 0x0000000100000000)
  region size 1024K, 23 young (23552K), 1 survivors (1024K)
 Metaspace       used 25923K, committed 26176K, reserved 1114112K
  class space    used 3307K, committed 3456K, reserved 1048576K
}
Event: 7.166 GC heap after
{Heap after GC invocations=8 (full 0):
 garbage-first heap   total 55296K, used 16949K [0x0000000081800000, 0x0000000100000000)
  region size 1024K, 2 young (2048K), 2 survivors (2048K)
 Metaspace       used 25923K, committed 26176K, reserved 1114112K
  class space    used 3307K, committed 3456K, reserved 1048576K
}
Event: 8.507 GC heap before
{Heap before GC invocations=8 (full 0):
 garbage-first heap   total 55296K, used 40501K [0x0000000081800000, 0x0000000100000000)
  region size 1024K, 25 young (25600K), 2 survivors (2048K)
 Metaspace       used 29796K, committed 30144K, reserved 1114112K
  class space    used 3855K, committed 4032K, reserved 1048576K
}
Event: 8.514 GC heap after
{Heap after GC invocations=9 (full 0):
 garbage-first heap   total 55296K, used 19094K [0x0000000081800000, 0x0000000100000000)
  region size 1024K, 4 young (4096K), 4 survivors (4096K)
 Metaspace       used 29796K, committed 30144K, reserved 1114112K
  class space    used 3855K, committed 4032K, reserved 1048576K
}
Event: 9.569 GC heap before
{Heap before GC invocations=9 (full 0):
 garbage-first heap   total 55296K, used 40598K [0x0000000081800000, 0x0000000100000000)
  region size 1024K, 25 young (25600K), 4 survivors (4096K)
 Metaspace       used 33263K, committed 33664K, reserved 1114112K
  class space    used 4262K, committed 4480K, reserved 1048576K
}
Event: 9.577 GC heap after
{Heap after GC invocations=10 (full 0):
 garbage-first heap   total 55296K, used 20673K [0x0000000081800000, 0x0000000100000000)
  region size 1024K, 2 young (2048K), 2 survivors (2048K)
 Metaspace       used 33263K, committed 33664K, reserved 1114112K
  class space    used 4262K, committed 4480K, reserved 1048576K
}
Event: 10.127 GC heap before
{Heap before GC invocations=10 (full 0):
 garbage-first heap   total 55296K, used 33985K [0x0000000081800000, 0x0000000100000000)
  region size 1024K, 16 young (16384K), 2 survivors (2048K)
 Metaspace       used 35526K, committed 35968K, reserved 1114112K
  class space    used 4562K, committed 4800K, reserved 1048576K
}
Event: 10.131 GC heap after
{Heap after GC invocations=11 (full 0):
 garbage-first heap   total 55296K, used 21112K [0x0000000081800000, 0x0000000100000000)
  region size 1024K, 3 young (3072K), 3 survivors (3072K)
 Metaspace       used 35526K, committed 35968K, reserved 1114112K
  class space    used 4562K, committed 4800K, reserved 1048576K
}

