# JRE version: OpenJDK Runtime Environment Corretto-17.0.10.7.1 (17.0.10+7) (build 17.0.10+7-LTS)
# Java VM: OpenJDK 64-Bit Server VM Corretto-17.0.10.7.1 (17.0.10+7-LTS, mixed mode, sharing, tiered, compressed oops, compressed class ptrs, g1 gc, windows-amd64)
GC Precious Log:
 CPUs: 4 total, 4 available
 Memory: 8094M
 Large Page Support: Disabled
 NUMA Support: Disabled
 Compressed Oops: Enabled (32-bit)
 Heap Region Size: 1M
 Heap Min Capacity: 8M
 Heap Initial Capacity: 128M
 Heap Max Capacity: 2024M
 Pre-touch: Disabled
 Parallel Workers: 4
 Concurrent Workers: 1
 Concurrent Refinement Workers: 4
 Periodic GC: Disabled
Heap:
 garbage-first heap   total 110592K, used 77773K [0x0000000081800000, 0x0000000100000000)
  region size 1024K, 54 young (55296K), 1 survivors (1024K)
 Metaspace       used 62598K, committed 63168K, reserved 1114112K
  class space    used 8592K, committed 8896K, reserved 1048576K
GC Heap History (20 events):
Event: 4.368 GC heap before
{Heap before GC invocations=6 (full 0):
 garbage-first heap   total 55296K, used 16618K [0x0000000081800000, 0x0000000100000000)
  region size 1024K, 4 young (4096K), 3 survivors (3072K)
 Metaspace       used 24304K, committed 24576K, reserved 1114112K
  class space    used 3126K, committed 3264K, reserved 1048576K
}
Event: 4.374 GC heap after
{Heap after GC invocations=7 (full 0):
 garbage-first heap   total 55296K, used 15565K [0x0000000081800000, 0x0000000100000000)
  region size 1024K, 1 young (1024K), 1 survivors (1024K)
 Metaspace       used 24304K, committed 24576K, reserved 1114112K
  class space    used 3126K, committed 3264K, reserved 1048576K
}
Event: 5.300 GC heap before
{Heap before GC invocations=7 (full 0):
 garbage-first heap   total 55296K, used 38093K [0x0000000081800000, 0x0000000100000000)
  region size 1024K, 23 young (23552K), 1 survivors (1024K)
 Metaspace       used 27703K, committed 28096K, reserved 1114112K
  class space    used 3614K, committed 3776K, reserved 1048576K
}
Event: 5.306 GC heap after
{Heap after GC invocations=8 (full 0):
 garbage-first heap   total 55296K, used 17214K [0x0000000081800000, 0x0000000100000000)
  region size 1024K, 3 young (3072K), 3 survivors (3072K)
 Metaspace       used 27703K, committed 28096K, reserved 1114112K
  class space    used 3614K, committed 3776K, reserved 1048576K
}
Event: 6.130 GC heap before
{Heap before GC invocations=8 (full 0):
 garbage-first heap   total 55296K, used 38718K [0x0000000081800000, 0x0000000100000000)
  region size 1024K, 24 young (24576K), 3 survivors (3072K)
 Metaspace       used 31568K, committed 32000K, reserved 1114112K
  class space    used 4100K, committed 4288K, reserved 1048576K
}
Event: 6.138 GC heap after
{Heap after GC invocations=9 (full 0):
 garbage-first heap   total 55296K, used 19114K [0x0000000081800000, 0x0000000100000000)
  region size 1024K, 2 young (2048K), 2 survivors (2048K)
 Metaspace       used 31568K, committed 32000K, reserved 1114112K
  class space    used 4100K, committed 4288K, reserved 1048576K
}
Event: 6.958 GC heap before
{Heap before GC invocations=9 (full 0):
 garbage-first heap   total 55296K, used 37546K [0x0000000081800000, 0x0000000100000000)
  region size 1024K, 22 young (22528K), 2 survivors (2048K)
 Metaspace       used 35555K, committed 35968K, reserved 1114112K
  class space    used 4661K, committed 4864K, reserved 1048576K
}
Event: 6.965 GC heap after
{Heap after GC invocations=10 (full 0):
 garbage-first heap   total 55296K, used 20407K [0x0000000081800000, 0x0000000100000000)
  region size 1024K, 2 young (2048K), 2 survivors (2048K)
 Metaspace       used 35555K, committed 35968K, reserved 1114112K
  class space    used 4661K, committed 4864K, reserved 1048576K
}
Event: 7.868 GC heap before
{Heap before GC invocations=11 (full 0):
 garbage-first heap   total 55296K, used 40887K [0x0000000081800000, 0x0000000100000000)
  region size 1024K, 22 young (22528K), 2 survivors (2048K)
 Metaspace       used 41158K, committed 41600K, reserved 1114112K
  class space    used 5466K, committed 5696K, reserved 1048576K
}
Event: 7.875 GC heap after
{Heap after GC invocations=12 (full 0):
 garbage-first heap   total 55296K, used 22111K [0x0000000081800000, 0x0000000100000000)
  region size 1024K, 3 young (3072K), 3 survivors (3072K)
 Metaspace       used 41158K, committed 41600K, reserved 1114112K
  class space    used 5466K, committed 5696K, reserved 1048576K
}
Event: 7.925 GC heap before
{Heap before GC invocations=12 (full 0):
 garbage-first heap   total 55296K, used 22111K [0x0000000081800000, 0x0000000100000000)
  region size 1024K, 4 young (4096K), 3 survivors (3072K)
 Metaspace       used 41528K, committed 42048K, reserved 1114112K
  class space    used 5513K, committed 5760K, reserved 1048576K
}
Event: 7.931 GC heap after
{Heap after GC invocations=13 (full 0):
 garbage-first heap   total 55296K, used 22112K [0x0000000081800000, 0x0000000100000000)
  region size 1024K, 1 young (1024K), 1 survivors (1024K)
 Metaspace       used 41528K, committed 42048K, reserved 1114112K
  class space    used 5513K, committed 5760K, reserved 1048576K
}
Event: 8.685 GC heap before
{Heap before GC invocations=13 (full 0):
 garbage-first heap   total 55296K, used 41568K [0x0000000081800000, 0x0000000100000000)
  region size 1024K, 20 young (20480K), 1 survivors (1024K)
 Metaspace       used 46601K, committed 47040K, reserved 1114112K
  class space    used 6173K, committed 6400K, reserved 1048576K
}
Event: 8.688 GC heap after
{Heap after GC invocations=14 (full 0):
 garbage-first heap   total 55296K, used 23190K [0x0000000081800000, 0x0000000100000000)
  region size 1024K, 2 young (2048K), 2 survivors (2048K)
 Metaspace       used 46601K, committed 47040K, reserved 1114112K
  class space    used 6173K, committed 6400K, reserved 1048576K
}
Event: 9.324 GC heap before
{Heap before GC invocations=15 (full 0):
 garbage-first heap   total 55296K, used 41622K [0x0000000081800000, 0x0000000100000000)
  region size 1024K, 20 young (20480K), 2 survivors (2048K)
 Metaspace       used 52267K, committed 52736K, reserved 1114112K
  class space    used 7105K, committed 7296K, reserved 1048576K
}
Event: 9.329 GC heap after
{Heap after GC invocations=16 (full 0):
 garbage-first heap   total 55296K, used 23996K [0x0000000081800000, 0x0000000100000000)
  region size 1024K, 3 young (3072K), 3 survivors (3072K)
 Metaspace       used 52267K, committed 52736K, reserved 1114112K
  class space    used 7105K, committed 7296K, reserved 1048576K
}
Event: 9.381 GC heap before
{Heap before GC invocations=16 (full 0):
 garbage-first heap   total 55296K, used 25020K [0x0000000081800000, 0x0000000100000000)
  region size 1024K, 4 young (4096K), 3 survivors (3072K)
 Metaspace       used 52475K, committed 52928K, reserved 1114112K
  class space    used 7140K, committed 7360K, reserved 1048576K
}
Event: 9.388 GC heap after
{Heap after GC invocations=17 (full 0):
 garbage-first heap   total 55296K, used 24036K [0x0000000081800000, 0x0000000100000000)
  region size 1024K, 1 young (1024K), 1 survivors (1024K)
 Metaspace       used 52475K, committed 52928K, reserved 1114112K
  class space    used 7140K, committed 7360K, reserved 1048576K
}
Event: 10.002 GC heap before
{Heap before GC invocations=17 (full 0):
 garbage-first heap   total 55296K, used 42468K [0x0000000081800000, 0x0000000100000000)
  region size 1024K, 19 young (19456K), 1 survivors (1024K)
 Metaspace       used 56317K, committed 56768K, reserved 1114112K
  class space    used 7735K, committed 7936K, reserved 1048576K
}
Event: 10.005 GC heap after
{Heap after GC invocations=18 (full 0):
 garbage-first heap   total 110592K, used 24525K [0x0000000081800000, 0x0000000100000000)
  region size 1024K, 1 young (1024K), 1 survivors (1024K)
 Metaspace       used 56317K, committed 56768K, reserved 1114112K
  class space    used 7735K, committed 7936K, reserved 1048576K
}

