# JRE version: OpenJDK Runtime Environment Corretto-17.0.10.7.1 (17.0.10+7) (build 17.0.10+7-LTS)
# Java VM: OpenJDK 64-Bit Server VM Corretto-17.0.10.7.1 (17.0.10+7-LTS, mixed mode, sharing, tiered, compressed oops, compressed class ptrs, g1 gc, windows-amd64)
GC Precious Log:
 CPUs: 4 total, 4 available
 Memory: 8094M
 Large Page Support: Disabled
 NUMA Support: Disabled
 Compressed Oops: Enabled (32-bit)
 Heap Region Size: 1M
 Heap Min Capacity: 8M
 Heap Initial Capacity: 128M
 Heap Max Capacity: 2024M
 Pre-touch: Disabled
 Parallel Workers: 4
 Concurrent Workers: 1
 Concurrent Refinement Workers: 4
 Periodic GC: Disabled
Heap:
 garbage-first heap   total 51200K, used 31999K [0x0000000081800000, 0x0000000100000000)
  region size 1024K, 13 young (13312K), 2 survivors (2048K)
 Metaspace       used 49829K, committed 50240K, reserved 1114112K
  class space    used 6760K, committed 6976K, reserved 1048576K
GC Heap History (20 events):
Event: 0.908 GC heap before
{Heap before GC invocations=0 (full 0):
 garbage-first heap   total 131072K, used 13312K [0x0000000081800000, 0x0000000100000000)
  region size 1024K, 13 young (13312K), 0 survivors (0K)
 Metaspace       used 3534K, committed 3648K, reserved 1114112K
  class space    used 366K, committed 448K, reserved 1048576K
}
Event: 0.914 GC heap after
{Heap after GC invocations=1 (full 0):
 garbage-first heap   total 131072K, used 6287K [0x0000000081800000, 0x0000000100000000)
  region size 1024K, 2 young (2048K), 2 survivors (2048K)
 Metaspace       used 3534K, committed 3648K, reserved 1114112K
  class space    used 366K, committed 448K, reserved 1048576K
}
Event: 1.480 GC heap before
{Heap before GC invocations=1 (full 0):
 garbage-first heap   total 131072K, used 17551K [0x0000000081800000, 0x0000000100000000)
  region size 1024K, 13 young (13312K), 2 survivors (2048K)
 Metaspace       used 6652K, committed 6848K, reserved 1114112K
  class space    used 809K, committed 896K, reserved 1048576K
}
Event: 1.484 GC heap after
{Heap after GC invocations=2 (full 0):
 garbage-first heap   total 131072K, used 7429K [0x0000000081800000, 0x0000000100000000)
  region size 1024K, 1 young (1024K), 1 survivors (1024K)
 Metaspace       used 6652K, committed 6848K, reserved 1114112K
  class space    used 809K, committed 896K, reserved 1048576K
}
Event: 2.177 GC heap before
{Heap before GC invocations=2 (full 0):
 garbage-first heap   total 131072K, used 32005K [0x0000000081800000, 0x0000000100000000)
  region size 1024K, 26 young (26624K), 1 survivors (1024K)
 Metaspace       used 13446K, committed 13696K, reserved 1114112K
  class space    used 1626K, committed 1728K, reserved 1048576K
}
Event: 2.185 GC heap after
{Heap after GC invocations=3 (full 0):
 garbage-first heap   total 131072K, used 9366K [0x0000000081800000, 0x0000000100000000)
  region size 1024K, 3 young (3072K), 3 survivors (3072K)
 Metaspace       used 13446K, committed 13696K, reserved 1114112K
  class space    used 1626K, committed 1728K, reserved 1048576K
}
Event: 4.608 GC heap before
{Heap before GC invocations=3 (full 0):
 garbage-first heap   total 131072K, used 58518K [0x0000000081800000, 0x0000000100000000)
  region size 1024K, 53 young (54272K), 3 survivors (3072K)
 Metaspace       used 21255K, committed 21504K, reserved 1114112K
  class space    used 2637K, committed 2752K, reserved 1048576K
}
Event: 4.623 GC heap after
{Heap after GC invocations=4 (full 0):
 garbage-first heap   total 131072K, used 13779K [0x0000000081800000, 0x0000000100000000)
  region size 1024K, 8 young (8192K), 8 survivors (8192K)
 Metaspace       used 21255K, committed 21504K, reserved 1114112K
  class space    used 2637K, committed 2752K, reserved 1048576K
}
Event: 5.960 GC heap before
{Heap before GC invocations=5 (full 0):
 garbage-first heap   total 51200K, used 36307K [0x0000000081800000, 0x0000000100000000)
  region size 1024K, 30 young (30720K), 8 survivors (8192K)
 Metaspace       used 25409K, committed 25792K, reserved 1114112K
  class space    used 3276K, committed 3456K, reserved 1048576K
}
Event: 5.985 GC heap after
{Heap after GC invocations=6 (full 0):
 garbage-first heap   total 51200K, used 16404K [0x0000000081800000, 0x0000000100000000)
  region size 1024K, 3 young (3072K), 3 survivors (3072K)
 Metaspace       used 25409K, committed 25792K, reserved 1114112K
  class space    used 3276K, committed 3456K, reserved 1048576K
}
Event: 6.962 GC heap before
{Heap before GC invocations=6 (full 0):
 garbage-first heap   total 51200K, used 34836K [0x0000000081800000, 0x0000000100000000)
  region size 1024K, 22 young (22528K), 3 survivors (3072K)
 Metaspace       used 29850K, committed 30272K, reserved 1114112K
  class space    used 3806K, committed 4032K, reserved 1048576K
}
Event: 6.970 GC heap after
{Heap after GC invocations=7 (full 0):
 garbage-first heap   total 51200K, used 17595K [0x0000000081800000, 0x0000000100000000)
  region size 1024K, 2 young (2048K), 2 survivors (2048K)
 Metaspace       used 29850K, committed 30272K, reserved 1114112K
  class space    used 3806K, committed 4032K, reserved 1048576K
}
Event: 7.810 GC heap before
{Heap before GC invocations=7 (full 0):
 garbage-first heap   total 51200K, used 35003K [0x0000000081800000, 0x0000000100000000)
  region size 1024K, 20 young (20480K), 2 survivors (2048K)
 Metaspace       used 34590K, committed 35008K, reserved 1114112K
  class space    used 4572K, committed 4800K, reserved 1048576K
}
Event: 7.815 GC heap after
{Heap after GC invocations=8 (full 0):
 garbage-first heap   total 51200K, used 18337K [0x0000000081800000, 0x0000000100000000)
  region size 1024K, 3 young (3072K), 3 survivors (3072K)
 Metaspace       used 34590K, committed 35008K, reserved 1114112K
  class space    used 4572K, committed 4800K, reserved 1048576K
}
Event: 7.939 GC heap before
{Heap before GC invocations=8 (full 0):
 garbage-first heap   total 51200K, used 21409K [0x0000000081800000, 0x0000000100000000)
  region size 1024K, 7 young (7168K), 3 survivors (3072K)
 Metaspace       used 35545K, committed 35968K, reserved 1114112K
  class space    used 4667K, committed 4864K, reserved 1048576K
}
Event: 7.944 GC heap after
{Heap after GC invocations=9 (full 0):
 garbage-first heap   total 51200K, used 18930K [0x0000000081800000, 0x0000000100000000)
  region size 1024K, 2 young (2048K), 2 survivors (2048K)
 Metaspace       used 35545K, committed 35968K, reserved 1114112K
  class space    used 4667K, committed 4864K, reserved 1048576K
}
Event: 8.778 GC heap before
{Heap before GC invocations=10 (full 0):
 garbage-first heap   total 51200K, used 38386K [0x0000000081800000, 0x0000000100000000)
  region size 1024K, 21 young (21504K), 2 survivors (2048K)
 Metaspace       used 40997K, committed 41408K, reserved 1114112K
  class space    used 5402K, committed 5632K, reserved 1048576K
}
Event: 8.784 GC heap after
{Heap after GC invocations=11 (full 0):
 garbage-first heap   total 51200K, used 20624K [0x0000000081800000, 0x0000000100000000)
  region size 1024K, 3 young (3072K), 3 survivors (3072K)
 Metaspace       used 40997K, committed 41408K, reserved 1114112K
  class space    used 5402K, committed 5632K, reserved 1048576K
}
Event: 9.565 GC heap before
{Heap before GC invocations=11 (full 0):
 garbage-first heap   total 51200K, used 38032K [0x0000000081800000, 0x0000000100000000)
  region size 1024K, 21 young (21504K), 3 survivors (3072K)
 Metaspace       used 47291K, committed 47744K, reserved 1114112K
  class space    used 6272K, committed 6464K, reserved 1048576K
}
Event: 9.574 GC heap after
{Heap after GC invocations=12 (full 0):
 garbage-first heap   total 51200K, used 21759K [0x0000000081800000, 0x0000000100000000)
  region size 1024K, 2 young (2048K), 2 survivors (2048K)
 Metaspace       used 47291K, committed 47744K, reserved 1114112K
  class space    used 6272K, committed 6464K, reserved 1048576K
}

