# JRE version: OpenJDK Runtime Environment Corretto-17.0.10.7.1 (17.0.10+7) (build 17.0.10+7-LTS)
# Java VM: OpenJDK 64-Bit Server VM Corretto-17.0.10.7.1 (17.0.10+7-LTS, mixed mode, sharing, tiered, compressed oops, compressed class ptrs, g1 gc, windows-amd64)
GC Precious Log:
 CPUs: 4 total, 4 available
 Memory: 8094M
 Large Page Support: Disabled
 NUMA Support: Disabled
 Compressed Oops: Enabled (32-bit)
 Heap Region Size: 1M
 Heap Min Capacity: 8M
 Heap Initial Capacity: 128M
 Heap Max Capacity: 2024M
 Pre-touch: Disabled
 Parallel Workers: 4
 Concurrent Workers: 1
 Concurrent Refinement Workers: 4
 Periodic GC: Disabled
Heap:
 garbage-first heap   total 55296K, used 27996K [0x0000000081800000, 0x0000000100000000)
  region size 1024K, 14 young (14336K), 3 survivors (3072K)
 Metaspace       used 38744K, committed 39232K, reserved 1114112K
  class space    used 5065K, committed 5312K, reserved 1048576K
GC Heap History (14 events):
Event: 1.238 GC heap before
{Heap before GC invocations=0 (full 0):
 garbage-first heap   total 131072K, used 14336K [0x0000000081800000, 0x0000000100000000)
  region size 1024K, 13 young (13312K), 0 survivors (0K)
 Metaspace       used 3580K, committed 3712K, reserved 1114112K
  class space    used 373K, committed 448K, reserved 1048576K
}
Event: 1.246 GC heap after
{Heap after GC invocations=1 (full 0):
 garbage-first heap   total 131072K, used 6331K [0x0000000081800000, 0x0000000100000000)
  region size 1024K, 2 young (2048K), 2 survivors (2048K)
 Metaspace       used 3580K, committed 3712K, reserved 1114112K
  class space    used 373K, committed 448K, reserved 1048576K
}
Event: 1.899 GC heap before
{Heap before GC invocations=1 (full 0):
 garbage-first heap   total 131072K, used 17595K [0x0000000081800000, 0x0000000100000000)
  region size 1024K, 13 young (13312K), 2 survivors (2048K)
 Metaspace       used 6683K, committed 6848K, reserved 1114112K
  class space    used 813K, committed 896K, reserved 1048576K
}
Event: 1.904 GC heap after
{Heap after GC invocations=2 (full 0):
 garbage-first heap   total 131072K, used 7488K [0x0000000081800000, 0x0000000100000000)
  region size 1024K, 1 young (1024K), 1 survivors (1024K)
 Metaspace       used 6683K, committed 6848K, reserved 1114112K
  class space    used 813K, committed 896K, reserved 1048576K
}
Event: 2.588 GC heap before
{Heap before GC invocations=2 (full 0):
 garbage-first heap   total 131072K, used 31040K [0x0000000081800000, 0x0000000100000000)
  region size 1024K, 25 young (25600K), 1 survivors (1024K)
 Metaspace       used 13166K, committed 13376K, reserved 1114112K
  class space    used 1593K, committed 1664K, reserved 1048576K
}
Event: 2.593 GC heap after
{Heap after GC invocations=3 (full 0):
 garbage-first heap   total 131072K, used 9322K [0x0000000081800000, 0x0000000100000000)
  region size 1024K, 3 young (3072K), 3 survivors (3072K)
 Metaspace       used 13166K, committed 13376K, reserved 1114112K
  class space    used 1593K, committed 1664K, reserved 1048576K
}
Event: 5.033 GC heap before
{Heap before GC invocations=3 (full 0):
 garbage-first heap   total 131072K, used 59498K [0x0000000081800000, 0x0000000100000000)
  region size 1024K, 54 young (55296K), 3 survivors (3072K)
 Metaspace       used 21268K, committed 21504K, reserved 1114112K
  class space    used 2634K, committed 2752K, reserved 1048576K
}
Event: 5.049 GC heap after
{Heap after GC invocations=4 (full 0):
 garbage-first heap   total 131072K, used 13781K [0x0000000081800000, 0x0000000100000000)
  region size 1024K, 8 young (8192K), 8 survivors (8192K)
 Metaspace       used 21268K, committed 21504K, reserved 1114112K
  class space    used 2634K, committed 2752K, reserved 1048576K
}
Event: 6.491 GC heap before
{Heap before GC invocations=5 (full 0):
 garbage-first heap   total 55296K, used 38357K [0x0000000081800000, 0x0000000100000000)
  region size 1024K, 32 young (32768K), 8 survivors (8192K)
 Metaspace       used 26160K, committed 26560K, reserved 1114112K
  class space    used 3360K, committed 3584K, reserved 1048576K
}
Event: 6.518 GC heap after
{Heap after GC invocations=6 (full 0):
 garbage-first heap   total 55296K, used 16374K [0x0000000081800000, 0x0000000100000000)
  region size 1024K, 3 young (3072K), 3 survivors (3072K)
 Metaspace       used 26160K, committed 26560K, reserved 1114112K
  class space    used 3360K, committed 3584K, reserved 1048576K
}
Event: 7.482 GC heap before
{Heap before GC invocations=6 (full 0):
 garbage-first heap   total 55296K, used 37878K [0x0000000081800000, 0x0000000100000000)
  region size 1024K, 24 young (24576K), 3 survivors (3072K)
 Metaspace       used 30550K, committed 31040K, reserved 1114112K
  class space    used 3911K, committed 4160K, reserved 1048576K
}
Event: 7.491 GC heap after
{Heap after GC invocations=7 (full 0):
 garbage-first heap   total 55296K, used 17872K [0x0000000081800000, 0x0000000100000000)
  region size 1024K, 2 young (2048K), 2 survivors (2048K)
 Metaspace       used 30550K, committed 31040K, reserved 1114112K
  class space    used 3911K, committed 4160K, reserved 1048576K
}
Event: 8.274 GC heap before
{Heap before GC invocations=7 (full 0):
 garbage-first heap   total 55296K, used 36304K [0x0000000081800000, 0x0000000100000000)
  region size 1024K, 21 young (21504K), 2 survivors (2048K)
 Metaspace       used 35683K, committed 36096K, reserved 1114112K
  class space    used 4688K, committed 4864K, reserved 1048576K
}
Event: 8.279 GC heap after
{Heap after GC invocations=8 (full 0):
 garbage-first heap   total 55296K, used 18780K [0x0000000081800000, 0x0000000100000000)
  region size 1024K, 3 young (3072K), 3 survivors (3072K)
 Metaspace       used 35683K, committed 36096K, reserved 1114112K
  class space    used 4688K, committed 4864K, reserved 1048576K
}

