# JRE version: OpenJDK Runtime Environment Corretto-17.0.10.7.1 (17.0.10+7) (build 17.0.10+7-LTS)
# Java VM: OpenJDK 64-Bit Server VM Corretto-17.0.10.7.1 (17.0.10+7-LTS, mixed mode, sharing, tiered, compressed oops, compressed class ptrs, g1 gc, windows-amd64)
GC Precious Log:
 CPUs: 4 total, 4 available
 Memory: 8094M
 Large Page Support: Disabled
 NUMA Support: Disabled
 Compressed Oops: Enabled (32-bit)
 Heap Region Size: 1M
 Heap Min Capacity: 8M
 Heap Initial Capacity: 128M
 Heap Max Capacity: 2024M
 Pre-touch: Disabled
 Parallel Workers: 4
 Concurrent Workers: 1
 Concurrent Refinement Workers: 4
 Periodic GC: Disabled
Heap:
 garbage-first heap   total 70656K, used 44763K [0x0000000081800000, 0x0000000100000000)
  region size 1024K, 13 young (13312K), 4 survivors (4096K)
 Metaspace       used 70811K, committed 71424K, reserved 1114112K
  class space    used 9890K, committed 10176K, reserved 1048576K
GC Heap History (20 events):
Event: 17.009 GC heap before
{Heap before GC invocations=18 (full 0):
 garbage-first heap   total 55296K, used 44041K [0x0000000081800000, 0x0000000100000000)
  region size 1024K, 20 young (20480K), 3 survivors (3072K)
 Metaspace       used 60685K, committed 61184K, reserved 1114112K
  class space    used 8218K, committed 8448K, reserved 1048576K
}
Event: 17.017 GC heap after
{Heap after GC invocations=19 (full 0):
 garbage-first heap   total 55296K, used 28310K [0x0000000081800000, 0x0000000100000000)
  region size 1024K, 3 young (3072K), 3 survivors (3072K)
 Metaspace       used 60685K, committed 61184K, reserved 1114112K
  class space    used 8218K, committed 8448K, reserved 1048576K
}
Event: 17.419 GC heap before
{Heap before GC invocations=19 (full 0):
 garbage-first heap   total 55296K, used 44694K [0x0000000081800000, 0x0000000100000000)
  region size 1024K, 19 young (19456K), 3 survivors (3072K)
 Metaspace       used 62565K, committed 63104K, reserved 1114112K
  class space    used 8509K, committed 8768K, reserved 1048576K
}
Event: 17.427 GC heap after
{Heap after GC invocations=20 (full 0):
 garbage-first heap   total 55296K, used 29485K [0x0000000081800000, 0x0000000100000000)
  region size 1024K, 2 young (2048K), 2 survivors (2048K)
 Metaspace       used 62565K, committed 63104K, reserved 1114112K
  class space    used 8509K, committed 8768K, reserved 1048576K
}
Event: 18.016 GC heap before
{Heap before GC invocations=21 (full 0):
 garbage-first heap   total 55296K, used 43821K [0x0000000081800000, 0x0000000100000000)
  region size 1024K, 16 young (16384K), 2 survivors (2048K)
 Metaspace       used 63807K, committed 64384K, reserved 1114112K
  class space    used 8827K, committed 9088K, reserved 1048576K
}
Event: 18.020 GC heap after
{Heap after GC invocations=22 (full 0):
 garbage-first heap   total 55296K, used 30219K [0x0000000081800000, 0x0000000100000000)
  region size 1024K, 2 young (2048K), 2 survivors (2048K)
 Metaspace       used 63807K, committed 64384K, reserved 1114112K
  class space    used 8827K, committed 9088K, reserved 1048576K
}
Event: 18.327 GC heap before
{Heap before GC invocations=22 (full 0):
 garbage-first heap   total 55296K, used 43531K [0x0000000081800000, 0x0000000100000000)
  region size 1024K, 16 young (16384K), 2 survivors (2048K)
 Metaspace       used 65353K, committed 65984K, reserved 1114112K
  class space    used 9164K, committed 9472K, reserved 1048576K
}
Event: 18.333 GC heap after
{Heap after GC invocations=23 (full 0):
 garbage-first heap   total 55296K, used 31252K [0x0000000081800000, 0x0000000100000000)
  region size 1024K, 2 young (2048K), 2 survivors (2048K)
 Metaspace       used 65353K, committed 65984K, reserved 1114112K
  class space    used 9164K, committed 9472K, reserved 1048576K
}
Event: 18.819 GC heap before
{Heap before GC invocations=24 (full 0):
 garbage-first heap   total 61440K, used 43540K [0x0000000081800000, 0x0000000100000000)
  region size 1024K, 15 young (15360K), 2 survivors (2048K)
 Metaspace       used 66621K, committed 67200K, reserved 1114112K
  class space    used 9322K, committed 9600K, reserved 1048576K
}
Event: 18.825 GC heap after
{Heap after GC invocations=25 (full 0):
 garbage-first heap   total 61440K, used 32870K [0x0000000081800000, 0x0000000100000000)
  region size 1024K, 2 young (2048K), 2 survivors (2048K)
 Metaspace       used 66621K, committed 67200K, reserved 1114112K
  class space    used 9322K, committed 9600K, reserved 1048576K
}
Event: 19.072 GC heap before
{Heap before GC invocations=25 (full 0):
 garbage-first heap   total 61440K, used 48230K [0x0000000081800000, 0x0000000100000000)
  region size 1024K, 17 young (17408K), 2 survivors (2048K)
 Metaspace       used 67030K, committed 67648K, reserved 1114112K
  class space    used 9362K, committed 9664K, reserved 1048576K
}
Event: 19.077 GC heap after
{Heap after GC invocations=26 (full 0):
 garbage-first heap   total 61440K, used 33298K [0x0000000081800000, 0x0000000100000000)
  region size 1024K, 2 young (2048K), 2 survivors (2048K)
 Metaspace       used 67030K, committed 67648K, reserved 1114112K
  class space    used 9362K, committed 9664K, reserved 1048576K
}
Event: 19.676 GC heap before
{Heap before GC invocations=27 (full 0):
 garbage-first heap   total 68608K, used 49682K [0x0000000081800000, 0x0000000100000000)
  region size 1024K, 18 young (18432K), 2 survivors (2048K)
 Metaspace       used 67117K, committed 67712K, reserved 1114112K
  class space    used 9367K, committed 9664K, reserved 1048576K
}
Event: 19.681 GC heap after
{Heap after GC invocations=28 (full 0):
 garbage-first heap   total 68608K, used 33597K [0x0000000081800000, 0x0000000100000000)
  region size 1024K, 1 young (1024K), 1 survivors (1024K)
 Metaspace       used 67117K, committed 67712K, reserved 1114112K
  class space    used 9367K, committed 9664K, reserved 1048576K
}
Event: 19.995 GC heap before
{Heap before GC invocations=28 (full 0):
 garbage-first heap   total 68608K, used 55101K [0x0000000081800000, 0x0000000100000000)
  region size 1024K, 22 young (22528K), 1 survivors (1024K)
 Metaspace       used 67364K, committed 67968K, reserved 1114112K
  class space    used 9388K, committed 9664K, reserved 1048576K
}
Event: 20.000 GC heap after
{Heap after GC invocations=29 (full 0):
 garbage-first heap   total 68608K, used 34079K [0x0000000081800000, 0x0000000100000000)
  region size 1024K, 2 young (2048K), 2 survivors (2048K)
 Metaspace       used 67364K, committed 67968K, reserved 1114112K
  class space    used 9388K, committed 9664K, reserved 1048576K
}
Event: 21.564 GC heap before
{Heap before GC invocations=30 (full 0):
 garbage-first heap   total 70656K, used 55583K [0x0000000081800000, 0x0000000100000000)
  region size 1024K, 23 young (23552K), 2 survivors (2048K)
 Metaspace       used 67554K, committed 68096K, reserved 1114112K
  class space    used 9399K, committed 9664K, reserved 1048576K
}
Event: 21.568 GC heap after
{Heap after GC invocations=31 (full 0):
 garbage-first heap   total 70656K, used 34543K [0x0000000081800000, 0x0000000100000000)
  region size 1024K, 2 young (2048K), 2 survivors (2048K)
 Metaspace       used 67554K, committed 68096K, reserved 1114112K
  class space    used 9399K, committed 9664K, reserved 1048576K
}
Event: 22.679 GC heap before
{Heap before GC invocations=31 (full 0):
 garbage-first heap   total 70656K, used 58095K [0x0000000081800000, 0x0000000100000000)
  region size 1024K, 25 young (25600K), 2 survivors (2048K)
 Metaspace       used 69863K, committed 70400K, reserved 1114112K
  class space    used 9779K, committed 10048K, reserved 1048576K
}
Event: 22.689 GC heap after
{Heap after GC invocations=32 (full 0):
 garbage-first heap   total 70656K, used 36571K [0x0000000081800000, 0x0000000100000000)
  region size 1024K, 4 young (4096K), 4 survivors (4096K)
 Metaspace       used 69863K, committed 70400K, reserved 1114112K
  class space    used 9779K, committed 10048K, reserved 1048576K
}

