# JRE version: OpenJDK Runtime Environment Corretto-17.0.10.7.1 (17.0.10+7) (build 17.0.10+7-LTS)
# Java VM: OpenJDK 64-Bit Server VM Corretto-17.0.10.7.1 (17.0.10+7-LTS, mixed mode, sharing, tiered, compressed oops, compressed class ptrs, g1 gc, windows-amd64)
GC Precious Log:
 CPUs: 4 total, 4 available
 Memory: 8094M
 Large Page Support: Disabled
 NUMA Support: Disabled
 Compressed Oops: Enabled (32-bit)
 Heap Region Size: 1M
 Heap Min Capacity: 8M
 Heap Initial Capacity: 128M
 Heap Max Capacity: 2024M
 Pre-touch: Disabled
 Parallel Workers: 4
 Concurrent Workers: 1
 Concurrent Refinement Workers: 4
 Periodic GC: Disabled
Heap:
 garbage-first heap   total 137216K, used 61014K [0x0000000081800000, 0x0000000100000000)
  region size 1024K, 19 young (19456K), 3 survivors (3072K)
 Metaspace       used 86914K, committed 87552K, reserved 1179648K
  class space    used 11675K, committed 11968K, reserved 1048576K
GC Heap History (20 events):
Event: 131.156 GC heap before
{Heap before GC invocations=29 (full 0):
 garbage-first heap   total 137216K, used 105919K [0x0000000081800000, 0x0000000100000000)
  region size 1024K, 62 young (63488K), 3 survivors (3072K)
 Metaspace       used 85323K, committed 85952K, reserved 1179648K
  class space    used 11645K, committed 11904K, reserved 1048576K
}
Event: 131.166 GC heap after
{Heap after GC invocations=30 (full 0):
 garbage-first heap   total 137216K, used 45207K [0x0000000081800000, 0x0000000100000000)
  region size 1024K, 3 young (3072K), 3 survivors (3072K)
 Metaspace       used 85323K, committed 85952K, reserved 1179648K
  class space    used 11645K, committed 11904K, reserved 1048576K
}
Event: 225.851 GC heap before
{Heap before GC invocations=30 (full 0):
 garbage-first heap   total 137216K, used 108695K [0x0000000081800000, 0x0000000100000000)
  region size 1024K, 65 young (66560K), 3 survivors (3072K)
 Metaspace       used 85563K, committed 86144K, reserved 1179648K
  class space    used 11647K, committed 11904K, reserved 1048576K
}
Event: 225.861 GC heap after
{Heap after GC invocations=31 (full 0):
 garbage-first heap   total 137216K, used 44910K [0x0000000081800000, 0x0000000100000000)
  region size 1024K, 3 young (3072K), 3 survivors (3072K)
 Metaspace       used 85563K, committed 86144K, reserved 1179648K
  class space    used 11647K, committed 11904K, reserved 1048576K
}
Event: 315.274 GC heap before
{Heap before GC invocations=31 (full 0):
 garbage-first heap   total 137216K, used 110446K [0x0000000081800000, 0x0000000100000000)
  region size 1024K, 67 young (68608K), 3 survivors (3072K)
 Metaspace       used 85905K, committed 86528K, reserved 1179648K
  class space    used 11650K, committed 11904K, reserved 1048576K
}
Event: 315.279 GC heap after
{Heap after GC invocations=32 (full 0):
 garbage-first heap   total 137216K, used 45189K [0x0000000081800000, 0x0000000100000000)
  region size 1024K, 3 young (3072K), 3 survivors (3072K)
 Metaspace       used 85905K, committed 86528K, reserved 1179648K
  class space    used 11650K, committed 11904K, reserved 1048576K
}
Event: 408.861 GC heap before
{Heap before GC invocations=32 (full 0):
 garbage-first heap   total 137216K, used 112773K [0x0000000081800000, 0x0000000100000000)
  region size 1024K, 69 young (70656K), 3 survivors (3072K)
 Metaspace       used 86417K, committed 87040K, reserved 1179648K
  class space    used 11665K, committed 11968K, reserved 1048576K
}
Event: 408.867 GC heap after
{Heap after GC invocations=33 (full 0):
 garbage-first heap   total 137216K, used 45397K [0x0000000081800000, 0x0000000100000000)
  region size 1024K, 3 young (3072K), 3 survivors (3072K)
 Metaspace       used 86417K, committed 87040K, reserved 1179648K
  class space    used 11665K, committed 11968K, reserved 1048576K
}
Event: 535.838 GC heap before
{Heap before GC invocations=33 (full 0):
 garbage-first heap   total 137216K, used 114005K [0x0000000081800000, 0x0000000100000000)
  region size 1024K, 70 young (71680K), 3 survivors (3072K)
 Metaspace       used 86418K, committed 87040K, reserved 1179648K
  class space    used 11665K, committed 11968K, reserved 1048576K
}
Event: 535.843 GC heap after
{Heap after GC invocations=34 (full 0):
 garbage-first heap   total 137216K, used 45362K [0x0000000081800000, 0x0000000100000000)
  region size 1024K, 3 young (3072K), 3 survivors (3072K)
 Metaspace       used 86418K, committed 87040K, reserved 1179648K
  class space    used 11665K, committed 11968K, reserved 1048576K
}
Event: 645.449 GC heap before
{Heap before GC invocations=34 (full 0):
 garbage-first heap   total 137216K, used 113970K [0x0000000081800000, 0x0000000100000000)
  region size 1024K, 71 young (72704K), 3 survivors (3072K)
 Metaspace       used 86657K, committed 87360K, reserved 1179648K
  class space    used 11673K, committed 11968K, reserved 1048576K
}
Event: 645.460 GC heap after
{Heap after GC invocations=35 (full 0):
 garbage-first heap   total 137216K, used 45481K [0x0000000081800000, 0x0000000100000000)
  region size 1024K, 3 young (3072K), 3 survivors (3072K)
 Metaspace       used 86657K, committed 87360K, reserved 1179648K
  class space    used 11673K, committed 11968K, reserved 1048576K
}
Event: 745.879 GC heap before
{Heap before GC invocations=35 (full 0):
 garbage-first heap   total 137216K, used 116137K [0x0000000081800000, 0x0000000100000000)
  region size 1024K, 72 young (73728K), 3 survivors (3072K)
 Metaspace       used 86903K, committed 87552K, reserved 1179648K
  class space    used 11675K, committed 11968K, reserved 1048576K
}
Event: 745.885 GC heap after
{Heap after GC invocations=36 (full 0):
 garbage-first heap   total 137216K, used 45726K [0x0000000081800000, 0x0000000100000000)
  region size 1024K, 3 young (3072K), 3 survivors (3072K)
 Metaspace       used 86903K, committed 87552K, reserved 1179648K
  class space    used 11675K, committed 11968K, reserved 1048576K
}
Event: 880.355 GC heap before
{Heap before GC invocations=36 (full 0):
 garbage-first heap   total 137216K, used 117406K [0x0000000081800000, 0x0000000100000000)
  region size 1024K, 73 young (74752K), 3 survivors (3072K)
 Metaspace       used 86903K, committed 87552K, reserved 1179648K
  class space    used 11675K, committed 11968K, reserved 1048576K
}
Event: 880.361 GC heap after
{Heap after GC invocations=37 (full 0):
 garbage-first heap   total 137216K, used 45420K [0x0000000081800000, 0x0000000100000000)
  region size 1024K, 3 young (3072K), 3 survivors (3072K)
 Metaspace       used 86903K, committed 87552K, reserved 1179648K
  class space    used 11675K, committed 11968K, reserved 1048576K
}
Event: 1015.903 GC heap before
{Heap before GC invocations=37 (full 0):
 garbage-first heap   total 137216K, used 118124K [0x0000000081800000, 0x0000000100000000)
  region size 1024K, 74 young (75776K), 3 survivors (3072K)
 Metaspace       used 86913K, committed 87552K, reserved 1179648K
  class space    used 11675K, committed 11968K, reserved 1048576K
}
Event: 1015.915 GC heap after
{Heap after GC invocations=38 (full 0):
 garbage-first heap   total 137216K, used 45536K [0x0000000081800000, 0x0000000100000000)
  region size 1024K, 3 young (3072K), 3 survivors (3072K)
 Metaspace       used 86913K, committed 87552K, reserved 1179648K
  class space    used 11675K, committed 11968K, reserved 1048576K
}
Event: 1151.240 GC heap before
{Heap before GC invocations=38 (full 0):
 garbage-first heap   total 137216K, used 118240K [0x0000000081800000, 0x0000000100000000)
  region size 1024K, 74 young (75776K), 3 survivors (3072K)
 Metaspace       used 86914K, committed 87552K, reserved 1179648K
  class space    used 11675K, committed 11968K, reserved 1048576K
}
Event: 1151.245 GC heap after
{Heap after GC invocations=39 (full 0):
 garbage-first heap   total 137216K, used 45654K [0x0000000081800000, 0x0000000100000000)
  region size 1024K, 3 young (3072K), 3 survivors (3072K)
 Metaspace       used 86914K, committed 87552K, reserved 1179648K
  class space    used 11675K, committed 11968K, reserved 1048576K
}

